#
# A fatal error has been detected by the Java Runtime Environment:
#
#  EXCEPTION_ACCESS_VIOLATION (0xc0000005) at pc=0x0000000000000000, pid=3092, tid=3400
#
# JRE version: Java(TM) SE Runtime Environment (8.0_65-b17) (build 1.8.0_65-b17)
# Java VM: Java HotSpot(TM) 64-Bit Server VM (25.65-b01 mixed mode windows-amd64 compressed oops)
# Problematic frame:
# C  0x0000000000000000
#
# Failed to write core dump. Minidumps are not enabled by default on client versions of Windows
#
# If you would like to submit a bug report, please visit:
#   http://bugreport.java.com/bugreport/crash.jsp
# The crash happened outside the Java Virtual Machine in native code.
# See problematic frame for where to report the bug.
#

---------------  T H R E A D  ---------------

Current thread (0x00000000021f0800):  JavaThread "main" [_thread_in_native, id=3400, stack(0x00000000020c0000,0x00000000021c0000)]

siginfo: ExceptionCode=0xc0000005, ExceptionInformation=0x0000000000000008 0x0000000000000000

Registers:
RAX=0x000000006b61beb0, RBX=0x00000000021be9d0, RCX=0x00000000021be9d0, RDX=0x00000000021bf138
RSP=0x00000000021be878, RBP=0x00000000021be900, RSI=0x0000000000000000, RDI=0x0000000000000000
R8 =0x000000000000000b, R9 =0x0000000000000004, R10=0x0000000000942022, R11=0x00000000021bebb0
R12=0x00000000021bf1a8, R13=0x0000000016925258, R14=0x00000000021bf278, R15=0x00000000021f0800
RIP=0x0000000000000000, EFLAGS=0x0000000000010202

Top of Stack: (sp=0x00000000021be878)
0x00000000021be878:   000000006b60e861 0000000018927c90
0x00000000021be888:   00000000732cbfda 00000000021f0800
0x00000000021be898:   0000000000000027 00000000021be8b8
0x00000000021be8a8:   00000000021be910 0000f7127db4e407
0x00000000021be8b8:   00000000d5e93298 00000000021f0800
0x00000000021be8c8:   0000000000000000 00000000021bea30
0x00000000021be8d8:   00000000021f09f8 00000000021bea28
0x00000000021be8e8:   0000000018927c90 0000000018927c90
0x00000000021be8f8:   00000000739a8d94 0000000073072639
0x00000000021be908:   00007ffa1c854250 00000000021bf138
0x00000000021be918:   0000000002357ced 0000000018927c90
0x00000000021be928:   00000000731eef61 0000000000000000
0x00000000021be938:   0000000073072639 0000000000270026
0x00000000021be948:   0000000018927c90 0000000070881cc0
0x00000000021be958:   000000007307264f 0000000070880000
0x00000000021be968:   0000000070881cc0 0000000070881cc0 

Instructions: (pc=0x0000000000000000)
0xffffffffffffffe0:   


Register to memory mapping:

RAX=0x000000006b61beb0 is an unknown value
RBX=0x00000000021be9d0 is pointing into the stack for thread: 0x00000000021f0800
RCX=0x00000000021be9d0 is pointing into the stack for thread: 0x00000000021f0800
RDX=0x00000000021bf138 is pointing into the stack for thread: 0x00000000021f0800
RSP=0x00000000021be878 is pointing into the stack for thread: 0x00000000021f0800
RBP=0x00000000021be900 is pointing into the stack for thread: 0x00000000021f0800
RSI=0x0000000000000000 is an unknown value
RDI=0x0000000000000000 is an unknown value
R8 =0x000000000000000b is an unknown value
R9 =0x0000000000000004 is an unknown value
R10=0x0000000000942022 is an unknown value
R11=0x00000000021bebb0 is pointing into the stack for thread: 0x00000000021f0800
R12=0x00000000021bf1a8 is pointing into the stack for thread: 0x00000000021f0800
R13={method} {0x0000000016925260} 'getDeviceList' '(Lorg/usb4java/Context;Lorg/usb4java/DeviceList;)I' in 'org/usb4java/LibUsb'
R14=0x00000000021bf278 is pointing into the stack for thread: 0x00000000021f0800
R15=0x00000000021f0800 is a thread


Stack: [0x00000000020c0000,0x00000000021c0000],  sp=0x00000000021be878,  free space=1018k
Native frames: (J=compiled Java code, j=interpreted, Vv=VM code, C=native code)

Java frames: (J=compiled Java code, j=interpreted, Vv=VM code)
j  org.usb4java.LibUsb.getDeviceList(Lorg/usb4java/Context;Lorg/usb4java/DeviceList;)I+0
j  serial.main.Usb.main([Ljava/lang/String;)V+10
v  ~StubRoutines::call_stub

---------------  P R O C E S S  ---------------

Java Threads: ( => current thread )
  0x0000000016f1e800 JavaThread "Service Thread" daemon [_thread_blocked, id=5696, stack(0x0000000018c10000,0x0000000018d10000)]
  0x0000000016ec7800 JavaThread "C1 CompilerThread2" daemon [_thread_blocked, id=6332, stack(0x0000000018710000,0x0000000018810000)]
  0x0000000016ec4000 JavaThread "C2 CompilerThread1" daemon [_thread_blocked, id=4976, stack(0x0000000018610000,0x0000000018710000)]
  0x0000000016ebe000 JavaThread "C2 CompilerThread0" daemon [_thread_blocked, id=1156, stack(0x0000000018510000,0x0000000018610000)]
  0x0000000016ebc800 JavaThread "Attach Listener" daemon [_thread_blocked, id=2212, stack(0x0000000018410000,0x0000000018510000)]
  0x0000000016ebb800 JavaThread "Signal Dispatcher" daemon [_thread_blocked, id=6224, stack(0x0000000018310000,0x0000000018410000)]
  0x00000000022e6000 JavaThread "Finalizer" daemon [_thread_blocked, id=2084, stack(0x0000000018110000,0x0000000018210000)]
  0x00000000022dd800 JavaThread "Reference Handler" daemon [_thread_blocked, id=7048, stack(0x0000000018010000,0x0000000018110000)]
=>0x00000000021f0800 JavaThread "main" [_thread_in_native, id=3400, stack(0x00000000020c0000,0x00000000021c0000)]

Other Threads:
  0x0000000016e87800 VMThread [stack: 0x0000000017f10000,0x0000000018010000] [id=5392]
  0x0000000018852800 WatcherThread [stack: 0x0000000018d10000,0x0000000018e10000] [id=3216]

VM state:not at safepoint (normal execution)

VM Mutex/Monitor currently owned by a thread: None

Heap:
 PSYoungGen      total 38400K, used 3341K [0x00000000d5c00000, 0x00000000d8680000, 0x0000000100000000)
  eden space 33280K, 10% used [0x00000000d5c00000,0x00000000d5f43760,0x00000000d7c80000)
  from space 5120K, 0% used [0x00000000d8180000,0x00000000d8180000,0x00000000d8680000)
  to   space 5120K, 0% used [0x00000000d7c80000,0x00000000d7c80000,0x00000000d8180000)
 ParOldGen       total 87552K, used 0K [0x0000000081400000, 0x0000000086980000, 0x00000000d5c00000)
  object space 87552K, 0% used [0x0000000081400000,0x0000000081400000,0x0000000086980000)
 Metaspace       used 3692K, capacity 4602K, committed 4864K, reserved 1056768K
  class space    used 408K, capacity 430K, committed 512K, reserved 1048576K

Card table byte_map: [0x0000000011710000,0x0000000011b10000] byte_map_base: 0x0000000011306000

Marking Bits: (ParMarkBitMap*) 0x00000000738ba5b0
 Begin Bits: [0x00000000121c0000, 0x0000000014170000)
 End Bits:   [0x0000000014170000, 0x0000000016120000)

Polling page: 0x00000000021c0000

CodeCache: size=245760Kb used=1265Kb max_used=1265Kb free=244494Kb
 bounds [0x0000000002350000, 0x00000000025c0000, 0x0000000011350000]
 total_blobs=393 nmethods=116 adapters=190
 compilation: enabled

Compilation events (10 events):
Event: 0.247 Thread 0x0000000016ec7800  112       1       java.nio.file.Files$AcceptAllFilter::accept (2 bytes)
Event: 0.247 Thread 0x0000000016ec7800 nmethod 112 0x0000000002489110 code [0x0000000002489260, 0x0000000002489370]
Event: 0.247 Thread 0x0000000016ec7800  113       3       sun.security.provider.SHA::implCompress (491 bytes)
Event: 0.248 Thread 0x0000000016ec7800 nmethod 113 0x00000000024893d0 code [0x00000000024895c0, 0x0000000002489ea8]
Event: 0.672 Thread 0x0000000016ec7800  114       3       java.io.WinNTFileSystem::isLetter (30 bytes)
Event: 0.672 Thread 0x0000000016ec7800 nmethod 114 0x000000000248a710 code [0x000000000248a880, 0x000000000248aaf0]
Event: 0.675 Thread 0x0000000016ec7800  115       3       sun.nio.cs.UTF_8$Encoder::encode (359 bytes)
Event: 0.676 Thread 0x0000000016ec7800 nmethod 115 0x000000000248ab50 code [0x000000000248ad40, 0x000000000248b858]
Event: 0.676 Thread 0x0000000016ec7800  116       3       java.lang.String::replace (127 bytes)
Event: 0.677 Thread 0x0000000016ec7800 nmethod 116 0x000000000248bed0 code [0x000000000248c080, 0x000000000248c730]

GC Heap History (0 events):
No events

Deoptimization events (0 events):
No events

Internal exceptions (6 events):
Event: 0.046 Thread 0x00000000021f0800 Exception <a 'java/lang/NoSuchMethodError': Method sun.misc.Unsafe.defineClass(Ljava/lang/String;[BII)Ljava/lang/Class; name or signature does not match> (0x00000000d5c0d960) thrown at [C:\workspace\8-2-build-windows-amd64-cygwin\jdk8u65\4987\hotspot\src\sSÑn⁄±èß?
Event: 0.046 Thread 0x00000000021f0800 Exception <a 'java/lang/NoSuchMethodError': Method sun.misc.Unsafe.prefetchRead(Ljava/lang/Object;J)V name or signature does not match> (0x00000000d5c0dc48) thrown at [C:\workspace\8-2-build-windows-amd64-cygwin\jdk8u65\4987\hotspot\src\share\vm\prims\jni.•FÅ?Âé√?
Event: 0.153 Thread 0x00000000021f0800 Exception <a 'java/security/PrivilegedActionException'> (0x00000000d5e0c750) thrown at [C:\workspace\8-2-build-windows-amd64-cygwin\jdk8u65\4987\hotspot\src\share\vm\prims\jvm.cpp, line 1386]
Event: 0.153 Thread 0x00000000021f0800 Exception <a 'java/security/PrivilegedActionException'> (0x00000000d5e0c960) thrown at [C:\workspace\8-2-build-windows-amd64-cygwin\jdk8u65\4987\hotspot\src\share\vm\prims\jvm.cpp, line 1386]
Event: 0.154 Thread 0x00000000021f0800 Exception <a 'java/security/PrivilegedActionException'> (0x00000000d5e107a8) thrown at [C:\workspace\8-2-build-windows-amd64-cygwin\jdk8u65\4987\hotspot\src\share\vm\prims\jvm.cpp, line 1386]
Event: 0.154 Thread 0x00000000021f0800 Exception <a 'java/security/PrivilegedActionException'> (0x00000000d5e109b8) thrown at [C:\workspace\8-2-build-windows-amd64-cygwin\jdk8u65\4987\hotspot\src\share\vm\prims\jvm.cpp, line 1386]

Events (10 events):
Event: 0.251 loading class sun/net/www/protocol/jar/JarFileFactory
Event: 0.251 loading class sun/net/www/protocol/jar/URLJarFile$URLJarFileCloseController
Event: 0.251 loading class sun/net/www/protocol/jar/URLJarFile$URLJarFileCloseController done
Event: 0.251 loading class sun/net/www/protocol/jar/JarFileFactory done
Event: 0.251 loading class sun/net/www/protocol/jar/URLJarFile
Event: 0.252 loading class sun/net/www/protocol/jar/URLJarFile done
Event: 0.252 loading class sun/net/www/protocol/jar/URLJarFile$URLJarFileEntry
Event: 0.252 loading class sun/net/www/protocol/jar/URLJarFile$URLJarFileEntry done
Event: 0.252 loading class sun/net/www/protocol/jar/JarURLConnection$JarURLInputStream
Event: 0.252 loading class sun/net/www/protocol/jar/JarURLConnection$JarURLInputStream done


Dynamic libraries:
0x00007ff612d80000 - 0x00007ff612db7000 	C:\Program Files\Java\jdk1.8.0_65\bin\javaw.exe
0x00007ffa1f5b0000 - 0x00007ffa1f75d000 	C:\Windows\SYSTEM32\ntdll.dll
0x00007ffa1e950000 - 0x00007ffa1ea8e000 	C:\Windows\system32\KERNEL32.DLL
0x00007ffa1c850000 - 0x00007ffa1c965000 	C:\Windows\system32\KERNELBASE.dll
0x00007ffa1b290000 - 0x00007ffa1b31e000 	C:\Windows\system32\apphelp.dll
0x00007ffa0cc30000 - 0x00007ffa0cc83000 	C:\Windows\AppPatch\AppPatch64\AcGenral.DLL
0x00007ffa1cc40000 - 0x00007ffa1ccea000 	C:\Windows\system32\msvcrt.dll
0x00007ffa1cba0000 - 0x00007ffa1cbce000 	C:\Windows\system32\SspiCli.dll
0x00007ffa1ec70000 - 0x00007ffa1ecc4000 	C:\Windows\system32\SHLWAPI.dll
0x00007ffa1d070000 - 0x00007ffa1d1e7000 	C:\Windows\system32\USER32.dll
0x00007ffa1ea90000 - 0x00007ffa1ec24000 	C:\Windows\system32\ole32.dll
0x00007ffa1d1f0000 - 0x00007ffa1e718000 	C:\Windows\system32\SHELL32.dll
0x00007ffa1bc90000 - 0x00007ffa1bcb1000 	C:\Windows\SYSTEM32\USERENV.dll
0x00007ffa1ee10000 - 0x00007ffa1eeba000 	C:\Windows\system32\ADVAPI32.dll
0x00007ffa05b40000 - 0x00007ffa05b5e000 	C:\Windows\SYSTEM32\MPR.dll
0x00007ffa1ef90000 - 0x00007ffa1f0d0000 	C:\Windows\system32\RPCRT4.dll
0x00007ffa1ef30000 - 0x00007ffa1ef89000 	C:\Windows\SYSTEM32\sechost.dll
0x00007ffa1e720000 - 0x00007ffa1e931000 	C:\Windows\SYSTEM32\combase.dll
0x00007ffa1ccf0000 - 0x00007ffa1ce3f000 	C:\Windows\system32\GDI32.dll
0x00007ffa1c6d0000 - 0x00007ffa1c6e5000 	C:\Windows\SYSTEM32\profapi.dll
0x00007ffa1ac40000 - 0x00007ffa1acf2000 	C:\Windows\SYSTEM32\SHCORE.dll
0x00007ffa1ec30000 - 0x00007ffa1ec66000 	C:\Windows\system32\IMM32.DLL
0x00007ffa1f260000 - 0x00007ffa1f3b2000 	C:\Windows\system32\MSCTF.dll
0x00007ffa1a6a0000 - 0x00007ffa1a91b000 	C:\Windows\WinSxS\amd64_microsoft.windows.common-controls_6595b64144ccf1df_6.0.9600.18006_none_623f33d3ecbe86e8\COMCTL32.dll
0x0000000073940000 - 0x0000000073a12000 	C:\Program Files\Java\jdk1.8.0_65\jre\bin\msvcr100.dll
0x00000000730b0000 - 0x0000000073939000 	C:\Program Files\Java\jdk1.8.0_65\jre\bin\server\jvm.dll
0x00007ffa14820000 - 0x00007ffa14829000 	C:\Windows\SYSTEM32\WSOCK32.dll
0x00007ffa177d0000 - 0x00007ffa177f2000 	C:\Windows\SYSTEM32\WINMM.dll
0x00007ffa16550000 - 0x00007ffa1655a000 	C:\Windows\SYSTEM32\VERSION.dll
0x00007ffa1f5a0000 - 0x00007ffa1f5a7000 	C:\Windows\system32\PSAPI.DLL
0x00007ffa1edb0000 - 0x00007ffa1ee0a000 	C:\Windows\system32\WS2_32.dll
0x00007ffa177a0000 - 0x00007ffa177ca000 	C:\Windows\SYSTEM32\WINMMBASE.dll
0x00007ffa1e940000 - 0x00007ffa1e949000 	C:\Windows\system32\NSI.dll
0x00007ffa1c970000 - 0x00007ffa1c9bf000 	C:\Windows\SYSTEM32\cfgmgr32.dll
0x00007ffa1b4e0000 - 0x00007ffa1b508000 	C:\Windows\SYSTEM32\DEVOBJ.dll
0x00000000730a0000 - 0x00000000730af000 	C:\Program Files\Java\jdk1.8.0_65\jre\bin\verify.dll
0x0000000073070000 - 0x0000000073099000 	C:\Program Files\Java\jdk1.8.0_65\jre\bin\java.dll
0x0000000073050000 - 0x0000000073066000 	C:\Program Files\Java\jdk1.8.0_65\jre\bin\zip.dll
0x00007ffa1bf60000 - 0x00007ffa1bf80000 	C:\Windows\SYSTEM32\CRYPTSP.dll
0x00007ffa1bb80000 - 0x00007ffa1bbb6000 	C:\Windows\system32\rsaenh.dll
0x00007ffa1c1b0000 - 0x00007ffa1c1d6000 	C:\Windows\SYSTEM32\bcrypt.dll
0x00007ffa1c4d0000 - 0x00007ffa1c533000 	C:\Windows\system32\bcryptprimitives.dll
0x00007ffa1c540000 - 0x00007ffa1c54b000 	C:\Windows\SYSTEM32\CRYPTBASE.dll
0x0000000073030000 - 0x000000007304a000 	C:\Program Files\Java\jdk1.8.0_65\jre\bin\net.dll
0x00007ffa1bf00000 - 0x00007ffa1bf59000 	C:\Windows\system32\mswsock.dll
0x00007ffa1a190000 - 0x00007ffa1a1ba000 	C:\Windows\SYSTEM32\IPHLPAPI.DLL
0x00007ffa19fa0000 - 0x00007ffa19faa000 	C:\Windows\SYSTEM32\WINNSI.DLL
0x00007ffa16920000 - 0x00007ffa16936000 	C:\Windows\SYSTEM32\dhcpcsvc6.DLL
0x00007ffa16ee0000 - 0x00007ffa16efa000 	C:\Windows\SYSTEM32\dhcpcsvc.DLL
0x0000000073010000 - 0x0000000073021000 	C:\Program Files\Java\jdk1.8.0_65\jre\bin\nio.dll
0x000000006b600000 - 0x000000006b62f000 	C:\Users\Francesco\AppData\Local\Temp\usb4java1235604006103072293.tmp\libusb-1.0.dll
0x0000000070880000 - 0x0000000070897000 	C:\Users\Francesco\AppData\Local\Temp\usb4java1235604006103072293.tmp\libusb4java.dll
0x00007ffa10360000 - 0x00007ffa104e9000 	C:\Windows\SYSTEM32\dbghelp.dll

VM Arguments:
jvm_args: -Dfile.encoding=Cp1252 
java_command: serial.main.Usb
java_class_path (initial): C:\Users\Francesco\workspacePerLa\SerialTry\target\classes;C:\Users\Francesco\.m2\repository\org\scream3r\jssc\2.8.0\jssc-2.8.0.jar;C:\Users\Francesco\.m2\repository\org\usb4java\usb4java-javax\1.2.0\usb4java-javax-1.2.0.jar;C:\Users\Francesco\.m2\repository\javax\usb\usb-api\1.0.2\usb-api-1.0.2.jar;C:\Users\Francesco\.m2\repository\org\apache\commons\commons-lang3\3.2.1\commons-lang3-3.2.1.jar;C:\Users\Francesco\.m2\repository\org\usb4java\usb4java\1.2.0\usb4java-1.2.0.jar;C:\Users\Francesco\.m2\repository\org\usb4java\libusb4java\1.2.0\libusb4java-1.2.0-linux-x86.jar;C:\Users\Francesco\.m2\repository\org\usb4java\libusb4java\1.2.0\libusb4java-1.2.0-linux-x86_64.jar;C:\Users\Francesco\.m2\repository\org\usb4java\libusb4java\1.2.0\libusb4java-1.2.0-linux-arm.jar;C:\Users\Francesco\.m2\repository\org\usb4java\libusb4java\1.2.0\libusb4java-1.2.0-windows-x86.jar;C:\Users\Francesco\.m2\repository\org\usb4java\libusb4java\1.2.0\libusb4java-1.2.0-windows-x86_64.jar;C:\Users\Francesco\.m2\repository\org\usb4java\libusb4java\1.2.0\libusb4java-1.2.0-osx-x86.jar;C:\Users\Francesco\.m2\repository\org\usb4java\libusb4java\1.2.0\libusb4java-1.2.0-osx-x86_64.jar
Launcher Type: SUN_STANDARD

Environment Variables:
PATH=C:\ProgramData\Oracle\Java\javapath;C:\Program Files\Broadcom\Broadcom 802.11;C:\Program Files (x86)\MiKTeX 2.9\miktex\bin\;C:\Program Files (x86)\LyX 2.2\Perl\bin
USERNAME=Francesco
OS=Windows_NT
PROCESSOR_IDENTIFIER=Intel64 Family 6 Model 61 Stepping 4, GenuineIntel



---------------  S Y S T E M  ---------------

OS: Windows 8.1 , 64 bit Build 9600 (6.3.9600.17415)

CPU:total 4 (2 cores per cpu, 2 threads per core) family 6 model 61 stepping 4, cmov, cx8, fxsr, mmx, sse, sse2, sse3, ssse3, sse4.1, sse4.2, popcnt, avx, avx2, aes, clmul, erms, 3dnowpref, lzcnt, ht, tsc, tscinvbit, bmi1, bmi2, adx

Memory: 4k page, physical 8301972k(3855416k free), swap 9612692k(4250868k free)

vm_info: Java HotSpot(TM) 64-Bit Server VM (25.65-b01) for windows-amd64 JRE (1.8.0_65-b17), built on Oct  6 2015 16:39:20 by "java_re" with MS VC++ 10.0 (VS2010)

time: Sun May 07 10:15:27 2017
elapsed time: 0 seconds (0d 0h 0m 0s)

